{
  "RSpec": {
    "coverage": {
      "/Users/Pani/Documents/MakersAcademy/Makersbnb/app/app.rb": [
        1,
        null,
        1,
        1,
        null,
        null,
        1,
        1,
        1,
        1,
        null,
        1,
        1,
        1,
        1,
        1,
        1
      ],
      "/Users/Pani/Documents/MakersAcademy/Makersbnb/app/models/user.rb": [
        1,
        1,
        1,
        null,
        1,
        1,
        null,
        1,
        1,
        1,
        1,
        1,
        1,
        null,
        1,
        null,
        1,
        9,
        null,
        null,
        null
      ],
      "/Users/Pani/Documents/MakersAcademy/Makersbnb/app/models/space.rb": [
        1,
        1,
        null,
        1,
        1,
        null,
        1,
        1,
        1,
        1,
        1,
        1,
        1,
        null,
        1,
        null,
        null,
        1,
        5,
        5,
        4,
        4,
        4,
        4,
        null,
        null,
        null
      ],
      "/Users/Pani/Documents/MakersAcademy/Makersbnb/app/models/booking.rb": [
        1,
        1,
        null,
        1,
        1,
        null,
        1,
        1,
        null,
        1,
        null,
        null,
        1,
        4,
        4,
        1102,
        1102,
        1101,
        null,
        3,
        null,
        null,
        1,
        3,
        3,
        1101,
        1101,
        null,
        null,
        null,
        null,
        null,
        null
      ],
      "/Users/Pani/Documents/MakersAcademy/Makersbnb/app/data_mapper_setup.rb": [
        1,
        1,
        null,
        null,
        1,
        1,
        1
      ],
      "/Users/Pani/Documents/MakersAcademy/Makersbnb/app/server.rb": [
        1,
        null,
        1,
        null,
        1,
        null,
        1,
        10,
        null,
        null,
        1,
        null
      ],
      "/Users/Pani/Documents/MakersAcademy/Makersbnb/app/controllers/spaces.rb": [
        1,
        1,
        11,
        null,
        null,
        1,
        10,
        10,
        null,
        null,
        1,
        3,
        null,
        null,
        1,
        3,
        null,
        null,
        null,
        null,
        3,
        null,
        null,
        null,
        null
      ],
      "/Users/Pani/Documents/MakersAcademy/Makersbnb/app/controllers/users.rb": [
        1,
        null,
        1,
        7,
        7,
        7,
        null,
        null,
        1,
        2,
        null,
        null,
        1,
        2,
        2,
        1,
        1,
        null,
        1,
        null,
        null,
        null,
        1,
        1,
        1,
        null,
        null
      ],
      "/Users/Pani/Documents/MakersAcademy/Makersbnb/app/controllers/welcome.rb": [
        1,
        1,
        null,
        1,
        1,
        9,
        null,
        null,
        null,
        1,
        9,
        9,
        null,
        null
      ],
      "/Users/Pani/Documents/MakersAcademy/Makersbnb/app/controllers/booking.rb": [
        1,
        null,
        1,
        7,
        7,
        null,
        null,
        1,
        5,
        5,
        5,
        5,
        4,
        3,
        3,
        null,
        null,
        null
      ],
      "/Users/Pani/Documents/MakersAcademy/Makersbnb/app/controllers/messages.rb": [
        1,
        null,
        1,
        0,
        null,
        null,
        1,
        0,
        null,
        null,
        1,
        0,
        null,
        null,
        null
      ],
      "/Users/Pani/Documents/MakersAcademy/Makersbnb/spec/features/web_helper.rb": [
        null,
        1,
        7,
        7,
        7,
        7,
        7,
        null,
        null,
        1,
        2,
        2,
        2,
        2,
        2,
        2,
        2,
        null,
        null,
        1,
        4,
        4,
        4,
        4,
        4,
        4,
        null,
        null,
        1,
        1,
        1,
        1,
        1,
        1,
        1,
        null
      ],
      "/Users/Pani/Documents/MakersAcademy/Makersbnb/spec/features/booking_spec.rb": [
        1,
        null,
        1,
        1,
        1,
        1,
        null,
        null,
        1,
        1,
        1,
        1,
        1,
        null,
        null,
        1,
        1,
        1,
        1,
        1,
        null,
        null,
        null
      ],
      "/Users/Pani/Documents/MakersAcademy/Makersbnb/spec/features/message_spec.rb": [
        null,
        null,
        1,
        1,
        1,
        1,
        1,
        1,
        1,
        1,
        0,
        0,
        0,
        0,
        0,
        0,
        null,
        null,
        null,
        null,
        1,
        1,
        1,
        1,
        1,
        1,
        1,
        1,
        0,
        0,
        0,
        0,
        0,
        0,
        0,
        null,
        null,
        null,
        null
      ],
      "/Users/Pani/Documents/MakersAcademy/Makersbnb/spec/features/space_spec.rb": [
        null,
        null,
        1,
        1,
        1,
        1,
        1,
        1,
        1,
        null,
        null,
        1,
        1,
        1,
        1,
        1,
        1,
        1,
        null,
        null,
        1,
        1,
        1,
        1,
        1,
        1,
        1,
        1,
        1,
        1,
        1,
        1,
        1,
        1,
        1,
        1,
        null,
        null
      ],
      "/Users/Pani/Documents/MakersAcademy/Makersbnb/spec/features/user_spec.rb": [
        1,
        null,
        1,
        1,
        1,
        4,
        null,
        null,
        1,
        1,
        1,
        1,
        null,
        null,
        1,
        1,
        1,
        1,
        null,
        null,
        null,
        null,
        1,
        1,
        1,
        1,
        1,
        1,
        1,
        1,
        1,
        null,
        null,
        1,
        1,
        1,
        1,
        1,
        1,
        1,
        1,
        null,
        null,
        1,
        1,
        1,
        1,
        1,
        1,
        2,
        null,
        null,
        null
      ]
    },
    "timestamp": 1497514177
  }
}
