{
  "RSpec": {
    "coverage": {
      "/Users/colinscally/Projects/makersbnb/app/app.rb": [
        1,
        null,
        1,
        1,
        null,
        null,
        1,
        1,
        1,
        1,
        1,
        null,
        1,
        1,
        1,
        1,
        1,
        1
      ],
      "/Users/colinscally/Projects/makersbnb/app/models/user.rb": [
        1,
        1,
        1,
        null,
        1,
        1,
        null,
        1,
        1,
        1,
        1,
        1,
        1,
        null,
        1,
        null,
        1,
        16,
        null,
        null,
        null
      ],
      "/Users/colinscally/Projects/makersbnb/app/models/space.rb": [
        1,
        1,
        null,
        1,
        1,
        null,
        1,
        1,
        1,
        1,
        1,
        1,
        1,
        null,
        1,
        null,
        null,
        1,
        6,
        6,
        5,
        5,
        5,
        5,
        null,
        null,
        null
      ],
      "/Users/colinscally/Projects/makersbnb/app/models/booking.rb": [
        1,
        1,
        null,
        1,
        1,
        null,
        1,
        1,
        null,
        1,
        null,
        null,
        1,
        5,
        5,
        739,
        739,
        738,
        null,
        4,
        null,
        null,
        1,
        4,
        4,
        738,
        738,
        null,
        null,
        null,
        null,
        null,
        null
      ],
      "/Users/colinscally/Projects/makersbnb/app/models/message.rb": [
        1,
        1,
        null,
        1,
        1,
        null,
        1,
        1,
        1,
        1,
        null,
        null
      ],
      "/Users/colinscally/Projects/makersbnb/app/data_mapper_setup.rb": [
        1,
        1,
        null,
        null,
        1,
        1,
        1
      ],
      "/Users/colinscally/Projects/makersbnb/app/server.rb": [
        1,
        null,
        1,
        null,
        1,
        null,
        1,
        18,
        null,
        null,
        1,
        null
      ],
      "/Users/colinscally/Projects/makersbnb/app/controllers/spaces.rb": [
        1,
        1,
        13,
        null,
        null,
        1,
        12,
        12,
        null,
        null,
        1,
        3,
        null,
        null,
        1,
        7,
        null,
        null,
        1,
        6,
        null,
        null,
        null,
        null,
        null,
        6,
        null,
        null,
        1,
        2,
        2,
        null,
        null,
        1,
        1,
        1,
        null,
        null,
        1,
        null,
        1,
        null,
        null,
        null,
        null,
        1,
        null,
        null,
        null,
        null
      ],
      "/Users/colinscally/Projects/makersbnb/app/controllers/users.rb": [
        1,
        null,
        1,
        14,
        14,
        14,
        null,
        null,
        1,
        2,
        null,
        null,
        1,
        2,
        2,
        1,
        1,
        null,
        1,
        null,
        null,
        null,
        1,
        2,
        2,
        null,
        null,
        1,
        1,
        28,
        null,
        null,
        null
      ],
      "/Users/colinscally/Projects/makersbnb/app/controllers/welcome.rb": [
        1,
        1,
        null,
        1,
        17,
        17,
        null,
        null
      ],
      "/Users/colinscally/Projects/makersbnb/app/controllers/booking.rb": [
        1,
        null,
        1,
        6,
        6,
        null,
        null,
        1,
        6,
        6,
        6,
        6,
        6,
        5,
        4,
        4,
        null,
        null,
        null
      ],
      "/Users/colinscally/Projects/makersbnb/app/controllers/messages.rb": [
        1,
        null,
        1,
        4,
        null,
        null,
        1,
        2,
        null,
        null,
        2,
        null,
        null,
        1,
        1,
        1,
        null,
        null,
        null
      ],
      "/Users/colinscally/Projects/makersbnb/spec/features/web_helper.rb": [
        null,
        1,
        13,
        13,
        13,
        13,
        13,
        null,
        null,
        1,
        1,
        1,
        1,
        1,
        1,
        null,
        null,
        1,
        4,
        4,
        4,
        4,
        4,
        4,
        4,
        null,
        null,
        1,
        1,
        1,
        1,
        1,
        1,
        1,
        1,
        null,
        null,
        null,
        1,
        2,
        2,
        2,
        null,
        null,
        1,
        1,
        1,
        1,
        1,
        1,
        1,
        1,
        1,
        null,
        null,
        1,
        3,
        3,
        3,
        3,
        null,
        null,
        1,
        4,
        4,
        4,
        null
      ],
      "/Users/colinscally/Projects/makersbnb/spec/features/booking_spec.rb": [
        1,
        null,
        1,
        1,
        1,
        1,
        1,
        null,
        null,
        1,
        1,
        1,
        1,
        1,
        1,
        1,
        1,
        null,
        null,
        null
      ],
      "/Users/colinscally/Projects/makersbnb/spec/features/message_spec.rb": [
        1,
        1,
        1,
        1,
        1,
        1,
        1,
        1,
        1,
        1,
        1,
        1,
        1,
        1,
        null,
        null,
        1,
        1,
        1,
        1,
        1,
        1,
        1,
        1,
        1,
        1,
        1,
        1,
        1,
        1,
        null,
        null,
        null
      ],
      "/Users/colinscally/Projects/makersbnb/spec/features/space_spec.rb": [
        null,
        null,
        1,
        1,
        1,
        1,
        1,
        null,
        null,
        1,
        1,
        1,
        1,
        1,
        1,
        null,
        null,
        1,
        1,
        1,
        1,
        1,
        1,
        1,
        1,
        null,
        null,
        1,
        1,
        1,
        1,
        1,
        1,
        null,
        null,
        1,
        1,
        1,
        1,
        1,
        1,
        1,
        null,
        null,
        1,
        1,
        1,
        1,
        1,
        1,
        null,
        null,
        1,
        1,
        1,
        1,
        1,
        1,
        null,
        null,
        null,
        null,
        1,
        1,
        1,
        1,
        1,
        1,
        1,
        1,
        1,
        1,
        1,
        1,
        null,
        null,
        1,
        1,
        1,
        1,
        1,
        1,
        1,
        1,
        1,
        1,
        1,
        1,
        null,
        null,
        null
      ],
      "/Users/colinscally/Projects/makersbnb/spec/features/user_spec.rb": [
        1,
        null,
        1,
        1,
        1,
        4,
        null,
        null,
        1,
        1,
        1,
        1,
        null,
        null,
        1,
        1,
        1,
        1,
        null,
        null,
        null,
        null,
        1,
        1,
        1,
        1,
        1,
        1,
        1,
        1,
        1,
        null,
        null,
        1,
        1,
        1,
        1,
        1,
        1,
        1,
        1,
        null,
        null,
        1,
        1,
        1,
        1,
        1,
        1,
        2,
        null,
        null,
        null
      ]
    },
    "timestamp": 1497543733
  }
}
